<?xml version="1.0" ?><testsuite name="GraphTest" time="0.07" timestamp="2024-05-03T17:37:13" tests="9" failures="0" skipped="0" aborted="0"><properties>
[...]
</properties><testcase classname="GraphTest" name="checkIfOnRect()" time="0.001"></testcase><testcase classname="GraphTest" name="checkIfOnTriangleEdge()" time="0.0"></testcase><testcase classname="GraphTest" name="checkIfOnSectorEdge()" time="0.0"></testcase><testcase classname="GraphTest" name="checkIfNotOnRect()" time="0.0"></testcase><testcase classname="GraphTest" name="checkIfOnTriangle()" time="0.001"></testcase><testcase classname="GraphTest" name="checkIfNotOnSector()" time="0.0"></testcase><testcase classname="GraphTest" name="checkIfOnRectEdge()" time="0.001"></testcase><testcase classname="GraphTest" name="checkIfNotOnTriangle()" time="0.015"></testcase><testcase classname="GraphTest" name="checkIfOnSector()" time="0.0"></testcase></testsuite>